<?xml version="1.0" encoding="UTF-8"?>
<!-- Generated by org.testng.reporters.JUnitReportReporter -->
<testsuite skipped="0" hostname="IJETCPT10210" name="com.expedia.bookings.Test_wipclitest" tests="1" failures="0" timestamp="13 Sep 2018 12:14:50 GMT" time="33.356" errors="0">
  <testcase name="test" time="33.356" classname="com.expedia.bookings.Test_wipclitest"/>
</testsuite> <!-- com.expedia.bookings.Test_wipclitest -->
